<?xml version="1.0" encoding="UTF-8"?>
<testng-results ignored="0" total="1" passed="1" failed="0" skipped="0">
  <reporter-output>
  </reporter-output>
  <suite started-at="2024-10-25T16:59:37 IST" name="Default suite" finished-at="2024-10-25T17:00:11 IST" duration-ms="34067">
    <groups>
    </groups>
    <test started-at="2024-10-25T16:59:37 IST" name="Default test" finished-at="2024-10-25T17:00:11 IST" duration-ms="34067">
      <class name="testCases.TC_BInputFile_002">
        <test-method is-config="true" signature="setup(java.lang.String)[pri:0, instance:testCases.TC_BInputFile_002@5b38c1ec]" started-at="2024-10-25T16:59:37 IST" name="setup" finished-at="2024-10-25T16:59:41 IST" duration-ms="4428" status="PASS">
          <params>
            <param index="0">
              <value>
                <![CDATA[chrome]]>
              </value>
            </param>
          </params>
          <reporter-output>
          </reporter-output>
        </test-method> <!-- setup -->
        <test-method is-config="true" signature="setupTest(java.lang.reflect.Method)[pri:0, instance:testCases.TC_BInputFile_002@5b38c1ec]" started-at="2024-10-25T16:59:41 IST" name="setupTest" finished-at="2024-10-25T16:59:41 IST" duration-ms="19" status="PASS">
          <params>
            <param index="0">
              <value>
                <![CDATA[public void testCases.TC_BInputFile_002.fileUploadInput() throws java.lang.InterruptedException]]>
              </value>
            </param>
          </params>
          <reporter-output>
          </reporter-output>
        </test-method> <!-- setupTest -->
        <test-method signature="fileUploadInput()[pri:0, instance:testCases.TC_BInputFile_002@5b38c1ec]" started-at="2024-10-25T16:59:41 IST" name="fileUploadInput" finished-at="2024-10-25T17:00:10 IST" duration-ms="28866" status="PASS">
          <reporter-output>
          </reporter-output>
        </test-method> <!-- fileUploadInput -->
        <test-method is-config="true" signature="tearDownTest(org.testng.ITestResult)[pri:0, instance:testCases.TC_BInputFile_002@5b38c1ec]" started-at="2024-10-25T17:00:10 IST" name="tearDownTest" finished-at="2024-10-25T17:00:10 IST" duration-ms="36" status="PASS">
          <params>
            <param index="0">
              <value>
                <![CDATA[[TestResult name=fileUploadInput status=SUCCESS method=TC_BInputFile_002.fileUploadInput()[pri:0, instance:testCases.TC_BInputFile_002@5b38c1ec] output={null}]]]>
              </value>
            </param>
          </params>
          <reporter-output>
          </reporter-output>
        </test-method> <!-- tearDownTest -->
        <test-method is-config="true" signature="tearDown()[pri:0, instance:testCases.TC_BInputFile_002@5b38c1ec]" started-at="2024-10-25T17:00:10 IST" name="tearDown" finished-at="2024-10-25T17:00:11 IST" duration-ms="587" status="PASS">
          <reporter-output>
          </reporter-output>
        </test-method> <!-- tearDown -->
      </class> <!-- testCases.TC_BInputFile_002 -->
    </test> <!-- Default test -->
  </suite> <!-- Default suite -->
</testng-results>
